{"nbformat":4,"nbformat_minor":0,"metadata":{"colab":{"name":"YannDubs_code","provenance":[{"file_id":"1KW0UFjp67cEY7XFSvTGfM-ap2DsdmpD5","timestamp":1651573075318}],"collapsed_sections":[],"authorship_tag":"ABX9TyPk3uGTmpBk2p4HpI3yNK3Y"},"kernelspec":{"name":"python3","display_name":"Python 3"},"language_info":{"name":"python"},"accelerator":"GPU"},"cells":[{"cell_type":"code","source":["# !git clone \"https://github.com/YannDubs/disentangling-vae.git\"\n"],"metadata":{"colab":{"base_uri":"https://localhost:8080/"},"id":"gpT7KqOibjZY","executionInfo":{"status":"ok","timestamp":1651573391265,"user_tz":-120,"elapsed":26358,"user":{"displayName":"Aakash Agrawal","userId":"10904769041780951136"}},"outputId":"a5fd2860-5e2b-4bc3-b947-b67c622e63b0"},"execution_count":null,"outputs":[{"output_type":"stream","name":"stdout","text":["Cloning into 'disentangling-vae'...\n","remote: Enumerating objects: 1686, done.\u001b[K\n","remote: Total 1686 (delta 0), reused 0 (delta 0), pack-reused 1686\u001b[K\n","Receiving objects: 100% (1686/1686), 227.20 MiB | 12.66 MiB/s, done.\n","Resolving deltas: 100% (966/966), done.\n","Checking out files: 100% (345/345), done.\n"]}]},{"cell_type":"code","source":["from google.colab import drive\n","drive.mount('/content/gdrive')"],"metadata":{"id":"y90DF_Ks_gUh","colab":{"base_uri":"https://localhost:8080/"},"executionInfo":{"status":"ok","timestamp":1651579700048,"user_tz":-120,"elapsed":22038,"user":{"displayName":"Aakash Agrawal","userId":"10904769041780951136"}},"outputId":"61c28bc9-6bd1-4d24-c62d-b6d35fd8ad15"},"execution_count":null,"outputs":[{"output_type":"stream","name":"stdout","text":["Mounted at /content/gdrive\n"]}]},{"cell_type":"code","execution_count":null,"metadata":{"id":"WYBM_0KMDuYr","colab":{"base_uri":"https://localhost:8080/"},"executionInfo":{"status":"ok","timestamp":1651576278614,"user_tz":-120,"elapsed":155157,"user":{"displayName":"Aakash Agrawal","userId":"10904769041780951136"}},"outputId":"1c7d569d-cd20-4374-b61c-66b49e7ad4a9"},"outputs":[{"output_type":"stream","name":"stdout","text":["/content/gdrive/MyDrive/BVAE/disentangling-vae/stimgen\n","Generating images for word: a\n","Generating images for word: b\n","Generating images for word: c\n","Generating images for word: d\n","Generating images for word: e\n","Generating images for word: f\n","Generating images for word: g\n","Generating images for word: h\n","Generating images for word: i\n","Generating images for word: j\n","Generating images for word: k\n","Generating images for word: l\n","Generating images for word: m\n","Generating images for word: n\n","Generating images for word: o\n","Generating images for word: p\n","Generating images for word: q\n","Generating images for word: r\n","Generating images for word: s\n","Generating images for word: t\n","Generating images for word: u\n","Generating images for word: v\n","Generating images for word: w\n","Generating images for word: x\n","Generating images for word: y\n","Generating images for word: z\n"]}],"source":["%cd '/content/gdrive/MyDrive/BVAE/disentangling-vae/stimgen'\n","!python 'stimgen.py'\n","# "]},{"cell_type":"code","source":["%cd '/content/gdrive/MyDrive/BVAE/disentangling-vae/'\n","# %pip install -r requirements.txt\n"],"metadata":{"colab":{"base_uri":"https://localhost:8080/"},"id":"fIvZJgWD_oX6","executionInfo":{"status":"ok","timestamp":1651579711801,"user_tz":-120,"elapsed":323,"user":{"displayName":"Aakash Agrawal","userId":"10904769041780951136"}},"outputId":"7f88b197-9825-414e-e1c9-69b93a6c130e"},"execution_count":null,"outputs":[{"output_type":"stream","name":"stdout","text":["/content/gdrive/MyDrive/BVAE/disentangling-vae\n"]}]},{"cell_type":"code","source":["# !python main.py bvae_letters_test -d letters --checkpoint-every 10\n","!python main.py bvae_dsprites_test -d dsprites --checkpoint-every 5 -e 10"],"metadata":{"id":"vsbWlFqOGZaz","colab":{"base_uri":"https://localhost:8080/"},"executionInfo":{"status":"ok","timestamp":1651587040290,"user_tz":-120,"elapsed":1983042,"user":{"displayName":"Aakash Agrawal","userId":"10904769041780951136"}},"outputId":"146a3aa6-4b16-4496-9eef-ee04380a36e5"},"execution_count":null,"outputs":[{"output_type":"stream","name":"stdout","text":["13:37:39 INFO - main: Root directory for saving and loading experiments: results/bvae_dsprites_test\n","13:37:39 INFO - __init__: Downloading <class 'utils.datasets.DSprites'> ...\n","  % Total    % Received % Xferd  Average Speed   Time    Time     Time  Current\n","                                 Dload  Upload   Total   Spent    Left  Speed\n","  0     0    0     0    0     0      0      0 --:--:-- --:--:-- --:--:--     0\n","  0     0    0     0    0     0      0      0 --:--:-- --:--:-- --:--:--     0\n","100 18.4M  100 18.4M    0     0  16.4M      0  0:00:01  0:00:01 --:--:-- 53.7M\n","13:37:40 INFO - __init__: Finished Downloading.\n","tcmalloc: large alloc 3019898880 bytes == 0x7c00000 @  0x7f27def171e7 0x7f2722bf20ce 0x7f2722c48cf5 0x7f2722bf5948 0x5947d6 0x548cc1 0x5127f1 0x549576 0x593fce 0x548ae9 0x5127f1 0x4bc98a 0x533274 0x4d3969 0x512147 0x549e0e 0x4bca8a 0x532b86 0x594a96 0x548cc1 0x5127f1 0x549576 0x593fce 0x548ae9 0x5127f1 0x593dd7 0x5118f8 0x549576 0x604173 0x5f5506 0x5f8c6c\n","13:37:51 INFO - main: Train dsprites with 737280 samples\n","13:37:51 INFO - main: Num parameters in model: 502005\n","13:37:53 INFO - __init__: Training Device: cuda\n","13:43:58 INFO - __call__: Epoch: 1 Average loss per image: 168.50\n","13:50:02 INFO - __call__: Epoch: 2 Average loss per image: 116.74\n","13:56:06 INFO - __call__: Epoch: 3 Average loss per image: 112.74\n","14:02:07 INFO - __call__: Epoch: 4 Average loss per image: 110.64\n","14:08:08 INFO - __call__: Epoch: 5 Average loss per image: 109.21\n","Epoch 6:  42% 4818/11520 [02:30<03:30, 31.90it/s, loss=107]Traceback (most recent call last):\n","  File \"/content/gdrive/MyDrive/BVAE/disentangling-vae/disvae/training.py\", line 131, in _train_epoch\n","    t.set_postfix(loss=iter_loss)\n","  File \"/usr/local/lib/python3.7/dist-packages/tqdm/std.py\", line 1445, in set_postfix\n","    self.refresh()\n","  File \"/usr/local/lib/python3.7/dist-packages/tqdm/std.py\", line 1361, in refresh\n","    self.display()\n","  File \"/usr/local/lib/python3.7/dist-packages/tqdm/std.py\", line 1509, in display\n","    self.sp(self.__str__() if msg is None else msg)\n","  File \"/usr/local/lib/python3.7/dist-packages/tqdm/std.py\", line 349, in print_status\n","    len_s = disp_len(s)\n","  File \"/usr/local/lib/python3.7/dist-packages/tqdm/utils.py\", line 338, in disp_len\n","    return _text_width(RE_ANSI.sub('', data))\n","  File \"/usr/local/lib/python3.7/dist-packages/tqdm/utils.py\", line 330, in _text_width\n","    return sum(2 if east_asian_width(ch) in 'FW' else 1 for ch in _unicode(s))\n","  File \"/usr/local/lib/python3.7/dist-packages/tqdm/utils.py\", line 330, in <genexpr>\n","    return sum(2 if east_asian_width(ch) in 'FW' else 1 for ch in _unicode(s))\n","KeyboardInterrupt\n","\n","During handling of the above exception, another exception occurred:\n","\n","Traceback (most recent call last):\n","  File \"main.py\", line 252, in <module>\n","    main(args)\n","  File \"main.py\", line 224, in main\n","    checkpoint_every=args.checkpoint_every,)\n","  File \"/content/gdrive/MyDrive/BVAE/disentangling-vae/disvae/training.py\", line 84, in __call__\n","    mean_epoch_loss = self._train_epoch(data_loader, storer, epoch)\n","  File \"/content/gdrive/MyDrive/BVAE/disentangling-vae/disvae/training.py\", line 131, in _train_epoch\n","    t.set_postfix(loss=iter_loss)\n","KeyboardInterrupt\n"]}]},{"cell_type":"code","source":["!python main_viz.py bvae_letters_test reconstruct-traverse --is-show-loss --is-posterior\n"],"metadata":{"colab":{"base_uri":"https://localhost:8080/"},"id":"AHBN_9hXEqxY","executionInfo":{"status":"ok","timestamp":1651584222683,"user_tz":-120,"elapsed":5966,"user":{"displayName":"Aakash Agrawal","userId":"10904769041780951136"}},"outputId":"e470a865-9744-4767-a62e-0b5ec3af1bc1"},"execution_count":null,"outputs":[{"output_type":"stream","name":"stdout","text":["Selected idcs: [4653, 8955, 1493, 846, 5548, 4203, 2679, 3096, 7375, 2169, 8600, 45, 8463, 5922, 1642, 152, 6882, 6559, 7932, 4068, 9045, 8090, 5252, 8039, 3946, 4708, 6755, 6914, 9103, 7041, 8503, 7494, 4184, 2842, 2924, 3595, 1542, 7961, 9386, 7360, 95, 5629]\n"]}]},{"cell_type":"code","source":["# Disentanglement stimuli (the factors must be explicitly mentioned in this )\n","!python3 main.py bvae_dletters -d dletters --checkpoint-every 10 --is-metric"],"metadata":{"id":"Ou01kKLSiQR-"},"execution_count":null,"outputs":[]}]}